<?xml version="1.0" encoding="UTF-8"?>
<coverage generated="1742400722046" clover="3.2.0">
  <project timestamp="1742400722046" name="All files">
    <metrics statements="77" coveredstatements="68" conditionals="22" coveredconditionals="16" methods="23" coveredmethods="22" elements="122" coveredelements="106" complexity="0" loc="77" ncloc="77" packages="1" files="2" classes="2"/>
    <file name="calculator.ts" path="/home/rob/sources/personal_account/TTF/modulo-testing/rpn-calculator/src/modules/calculator.ts">
      <metrics statements="33" coveredstatements="25" conditionals="11" coveredconditionals="6" methods="7" coveredmethods="6"/>
      <line num="4" count="1" type="stmt"/>
      <line num="5" count="12" type="stmt"/>
      <line num="12" count="22" type="stmt"/>
      <line num="19" count="1" type="stmt"/>
      <line num="28" count="10" type="cond" truecount="1" falsecount="0"/>
      <line num="29" count="2" type="stmt"/>
      <line num="32" count="8" type="stmt"/>
      <line num="33" count="8" type="stmt"/>
      <line num="35" count="8" type="stmt"/>
      <line num="37" count="8" type="stmt"/>
      <line num="46" count="3" type="stmt"/>
      <line num="49" count="3" type="cond" truecount="0" falsecount="1"/>
      <line num="50" count="0" type="stmt"/>
      <line num="51" count="0" type="stmt"/>
      <line num="55" count="3" type="cond" truecount="0" falsecount="1"/>
      <line num="56" count="0" type="stmt"/>
      <line num="59" count="3" type="stmt"/>
      <line num="60" count="3" type="stmt"/>
      <line num="62" count="3" type="cond" truecount="3" falsecount="2"/>
      <line num="64" count="0" type="stmt"/>
      <line num="65" count="0" type="stmt"/>
      <line num="67" count="1" type="stmt"/>
      <line num="68" count="1" type="stmt"/>
      <line num="70" count="1" type="stmt"/>
      <line num="71" count="1" type="stmt"/>
      <line num="73" count="1" type="cond" truecount="0" falsecount="1"/>
      <line num="74" count="0" type="stmt"/>
      <line num="76" count="1" type="stmt"/>
      <line num="77" count="1" type="stmt"/>
      <line num="79" count="0" type="stmt"/>
      <line num="82" count="3" type="stmt"/>
      <line num="90" count="22" type="cond" truecount="2" falsecount="0"/>
      <line num="97" count="0" type="stmt"/>
    </file>
    <file name="calculatorFunctional.ts" path="/home/rob/sources/personal_account/TTF/modulo-testing/rpn-calculator/src/modules/calculatorFunctional.ts">
      <metrics statements="44" coveredstatements="43" conditionals="11" coveredconditionals="10" methods="16" coveredmethods="16"/>
      <line num="11" count="16" type="stmt"/>
      <line num="16" count="30" type="stmt"/>
      <line num="22" count="1" type="stmt"/>
      <line num="27" count="1" type="stmt"/>
      <line num="28" count="16" type="stmt"/>
      <line num="31" count="1" type="stmt"/>
      <line num="35" count="13" type="cond" truecount="1" falsecount="0"/>
      <line num="36" count="2" type="stmt"/>
      <line num="39" count="11" type="stmt"/>
      <line num="40" count="11" type="stmt"/>
      <line num="41" count="11" type="stmt"/>
      <line num="43" count="11" type="stmt"/>
      <line num="50" count="1" type="stmt"/>
      <line num="51" count="8" type="stmt"/>
      <line num="54" count="1" type="stmt"/>
      <line num="55" count="2" type="stmt"/>
      <line num="58" count="1" type="stmt"/>
      <line num="59" count="3" type="stmt"/>
      <line num="62" count="1" type="stmt"/>
      <line num="63" count="3" type="cond" truecount="0" falsecount="1"/>
      <line num="64" count="0" type="stmt"/>
      <line num="67" count="3" type="stmt"/>
      <line num="68" count="3" type="stmt"/>
      <line num="69" count="3" type="stmt"/>
      <line num="71" count="3" type="cond" truecount="1" falsecount="0"/>
      <line num="72" count="1" type="stmt"/>
      <line num="75" count="2" type="stmt"/>
      <line num="82" count="1" type="stmt"/>
      <line num="83" count="18" type="stmt"/>
      <line num="86" count="18" type="cond" truecount="1" falsecount="0"/>
      <line num="87" count="10" type="stmt"/>
      <line num="91" count="8" type="cond" truecount="5" falsecount="0"/>
      <line num="93" count="3" type="stmt"/>
      <line num="95" count="1" type="stmt"/>
      <line num="97" count="2" type="stmt"/>
      <line num="99" count="1" type="stmt"/>
      <line num="101" count="1" type="stmt"/>
      <line num="106" count="1" type="stmt"/>
      <line num="107" count="12" type="cond" truecount="2" falsecount="0"/>
      <line num="111" count="1" type="stmt"/>
      <line num="112" count="2" type="stmt"/>
      <line num="114" count="2" type="stmt"/>
      <line num="115" count="14" type="stmt"/>
      <line num="118" count="2" type="stmt"/>
    </file>
  </project>
</coverage>
