{"/home/rob/sources/personal_account/rpn-calculator/src/modules/calculatorFunctional.ts": {"path":"/home/rob/sources/personal_account/rpn-calculator/src/modules/calculatorFunctional.ts","statementMap":{"0":{"start":{"line":11,"column":32},"end":{"line":13,"column":2}},"1":{"start":{"line":11,"column":56},"end":{"line":13,"column":2}},"2":{"start":{"line":11,"column":13},"end":{"line":11,"column":32}},"3":{"start":{"line":16,"column":27},"end":{"line":22,"column":1}},"4":{"start":{"line":17,"column":2},"end":{"line":17,"column":45}},"5":{"start":{"line":18,"column":2},"end":{"line":21,"column":4}},"6":{"start":{"line":16,"column":13},"end":{"line":16,"column":27}},"7":{"start":{"line":25,"column":21},"end":{"line":27,"column":2}},"8":{"start":{"line":25,"column":45},"end":{"line":27,"column":2}},"9":{"start":{"line":25,"column":13},"end":{"line":25,"column":21}},"10":{"start":{"line":30,"column":26},"end":{"line":31,"column":25}},"11":{"start":{"line":31,"column":2},"end":{"line":31,"column":25}},"12":{"start":{"line":34,"column":23},"end":{"line":50,"column":1}},"13":{"start":{"line":38,"column":2},"end":{"line":40,"column":3}},"14":{"start":{"line":39,"column":4},"end":{"line":39,"column":66}},"15":{"start":{"line":42,"column":20},"end":{"line":42,"column":36}},"16":{"start":{"line":43,"column":12},"end":{"line":43,"column":28}},"17":{"start":{"line":44,"column":12},"end":{"line":44,"column":28}},"18":{"start":{"line":46,"column":2},"end":{"line":49,"column":4}},"19":{"start":{"line":53,"column":19},"end":{"line":57,"column":1}},"20":{"start":{"line":54,"column":17},"end":{"line":54,"column":55}},"21":{"start":{"line":54,"column":49},"end":{"line":54,"column":54}},"22":{"start":{"line":55,"column":2},"end":{"line":55,"column":57}},"23":{"start":{"line":56,"column":2},"end":{"line":56,"column":16}},"24":{"start":{"line":53,"column":13},"end":{"line":53,"column":19}},"25":{"start":{"line":60,"column":24},"end":{"line":61,"column":40}},"26":{"start":{"line":61,"column":2},"end":{"line":61,"column":40}},"27":{"start":{"line":61,"column":34},"end":{"line":61,"column":39}},"28":{"start":{"line":60,"column":13},"end":{"line":60,"column":24}},"29":{"start":{"line":64,"column":24},"end":{"line":65,"column":40}},"30":{"start":{"line":65,"column":2},"end":{"line":65,"column":40}},"31":{"start":{"line":65,"column":34},"end":{"line":65,"column":39}},"32":{"start":{"line":64,"column":13},"end":{"line":64,"column":24}},"33":{"start":{"line":68,"column":22},"end":{"line":85,"column":1}},"34":{"start":{"line":69,"column":2},"end":{"line":71,"column":3}},"35":{"start":{"line":70,"column":4},"end":{"line":70,"column":66}},"36":{"start":{"line":73,"column":20},"end":{"line":73,"column":36}},"37":{"start":{"line":74,"column":12},"end":{"line":74,"column":28}},"38":{"start":{"line":75,"column":12},"end":{"line":75,"column":28}},"39":{"start":{"line":77,"column":2},"end":{"line":79,"column":3}},"40":{"start":{"line":78,"column":4},"end":{"line":78,"column":42}},"41":{"start":{"line":81,"column":2},"end":{"line":84,"column":4}},"42":{"start":{"line":68,"column":13},"end":{"line":68,"column":22}},"43":{"start":{"line":88,"column":23},"end":{"line":109,"column":1}},"44":{"start":{"line":89,"column":23},"end":{"line":89,"column":35}},"45":{"start":{"line":92,"column":2},"end":{"line":94,"column":3}},"46":{"start":{"line":93,"column":4},"end":{"line":93,"column":52}},"47":{"start":{"line":97,"column":2},"end":{"line":108,"column":3}},"48":{"start":{"line":99,"column":6},"end":{"line":99,"column":24}},"49":{"start":{"line":101,"column":6},"end":{"line":101,"column":29}},"50":{"start":{"line":103,"column":6},"end":{"line":103,"column":29}},"51":{"start":{"line":105,"column":6},"end":{"line":105,"column":27}},"52":{"start":{"line":107,"column":6},"end":{"line":107,"column":67}},"53":{"start":{"line":88,"column":13},"end":{"line":88,"column":23}},"54":{"start":{"line":112,"column":25},"end":{"line":114,"column":1}},"55":{"start":{"line":113,"column":2},"end":{"line":113,"column":82}},"56":{"start":{"line":112,"column":13},"end":{"line":112,"column":25}},"57":{"start":{"line":117,"column":35},"end":{"line":125,"column":1}},"58":{"start":{"line":118,"column":17},"end":{"line":118,"column":40}},"59":{"start":{"line":120,"column":21},"end":{"line":122,"column":24}},"60":{"start":{"line":121,"column":4},"end":{"line":121,"column":33}},"61":{"start":{"line":124,"column":2},"end":{"line":124,"column":31}},"62":{"start":{"line":117,"column":13},"end":{"line":117,"column":35}}},"fnMap":{"0":{"name":"(anonymous_0)","decl":{"start":{"line":11,"column":32},"end":{"line":11,"column":52}},"loc":{"start":{"line":11,"column":56},"end":{"line":13,"column":2}}},"1":{"name":"(anonymous_1)","decl":{"start":{"line":16,"column":27},"end":{"line":16,"column":28}},"loc":{"start":{"line":16,"column":88},"end":{"line":22,"column":1}}},"2":{"name":"(anonymous_2)","decl":{"start":{"line":25,"column":21},"end":{"line":25,"column":41}},"loc":{"start":{"line":25,"column":45},"end":{"line":27,"column":2}}},"3":{"name":"(anonymous_3)","decl":{"start":{"line":30,"column":26},"end":{"line":30,"column":27}},"loc":{"start":{"line":31,"column":2},"end":{"line":31,"column":25}}},"4":{"name":"(anonymous_4)","decl":{"start":{"line":34,"column":23},"end":{"line":34,"column":null}},"loc":{"start":{"line":37,"column":21},"end":{"line":50,"column":1}}},"5":{"name":"(anonymous_5)","decl":{"start":{"line":53,"column":19},"end":{"line":53,"column":20}},"loc":{"start":{"line":53,"column":63},"end":{"line":57,"column":1}}},"6":{"name":"(anonymous_6)","decl":{"start":{"line":54,"column":39},"end":{"line":54,"column":40}},"loc":{"start":{"line":54,"column":49},"end":{"line":54,"column":54}}},"7":{"name":"(anonymous_7)","decl":{"start":{"line":60,"column":24},"end":{"line":60,"column":25}},"loc":{"start":{"line":61,"column":2},"end":{"line":61,"column":40}}},"8":{"name":"(anonymous_8)","decl":{"start":{"line":61,"column":24},"end":{"line":61,"column":25}},"loc":{"start":{"line":61,"column":34},"end":{"line":61,"column":39}}},"9":{"name":"(anonymous_9)","decl":{"start":{"line":64,"column":24},"end":{"line":64,"column":25}},"loc":{"start":{"line":65,"column":2},"end":{"line":65,"column":40}}},"10":{"name":"(anonymous_10)","decl":{"start":{"line":65,"column":24},"end":{"line":65,"column":25}},"loc":{"start":{"line":65,"column":34},"end":{"line":65,"column":39}}},"11":{"name":"(anonymous_11)","decl":{"start":{"line":68,"column":22},"end":{"line":68,"column":23}},"loc":{"start":{"line":68,"column":66},"end":{"line":85,"column":1}}},"12":{"name":"(anonymous_12)","decl":{"start":{"line":88,"column":23},"end":{"line":88,"column":24}},"loc":{"start":{"line":88,"column":82},"end":{"line":109,"column":1}}},"13":{"name":"(anonymous_13)","decl":{"start":{"line":112,"column":25},"end":{"line":112,"column":26}},"loc":{"start":{"line":112,"column":72},"end":{"line":114,"column":1}}},"14":{"name":"(anonymous_14)","decl":{"start":{"line":117,"column":35},"end":{"line":117,"column":36}},"loc":{"start":{"line":117,"column":78},"end":{"line":125,"column":1}}},"15":{"name":"(anonymous_15)","decl":{"start":{"line":120,"column":35},"end":{"line":120,"column":36}},"loc":{"start":{"line":120,"column":52},"end":{"line":122,"column":3}}}},"branchMap":{"0":{"loc":{"start":{"line":38,"column":2},"end":{"line":40,"column":3}},"type":"if","locations":[{"start":{"line":38,"column":2},"end":{"line":40,"column":3}}]},"1":{"loc":{"start":{"line":69,"column":2},"end":{"line":71,"column":3}},"type":"if","locations":[{"start":{"line":69,"column":2},"end":{"line":71,"column":3}}]},"2":{"loc":{"start":{"line":77,"column":2},"end":{"line":79,"column":3}},"type":"if","locations":[{"start":{"line":77,"column":2},"end":{"line":79,"column":3}}]},"3":{"loc":{"start":{"line":92,"column":2},"end":{"line":94,"column":3}},"type":"if","locations":[{"start":{"line":92,"column":2},"end":{"line":94,"column":3}}]},"4":{"loc":{"start":{"line":97,"column":2},"end":{"line":108,"column":3}},"type":"switch","locations":[{"start":{"line":98,"column":4},"end":{"line":99,"column":24}},{"start":{"line":100,"column":4},"end":{"line":101,"column":29}},{"start":{"line":102,"column":4},"end":{"line":103,"column":29}},{"start":{"line":104,"column":4},"end":{"line":105,"column":27}},{"start":{"line":106,"column":4},"end":{"line":107,"column":67}}]},"5":{"loc":{"start":{"line":113,"column":9},"end":{"line":113,"column":81}},"type":"cond-expr","locations":[{"start":{"line":113,"column":34},"end":{"line":113,"column":69}},{"start":{"line":113,"column":72},"end":{"line":113,"column":81}}]}},"s":{"0":1,"1":1,"2":1,"3":1,"4":2,"5":2,"6":1,"7":1,"8":0,"9":1,"10":1,"11":1,"12":1,"13":1,"14":0,"15":1,"16":1,"17":1,"18":1,"19":1,"20":1,"21":1,"22":1,"23":1,"24":1,"25":1,"26":0,"27":0,"28":1,"29":1,"30":0,"31":0,"32":1,"33":1,"34":0,"35":0,"36":0,"37":0,"38":0,"39":0,"40":0,"41":0,"42":1,"43":1,"44":0,"45":0,"46":0,"47":0,"48":0,"49":0,"50":0,"51":0,"52":0,"53":1,"54":1,"55":1,"56":1,"57":1,"58":0,"59":0,"60":0,"61":0,"62":1},"f":{"0":1,"1":2,"2":0,"3":1,"4":1,"5":1,"6":1,"7":0,"8":0,"9":0,"10":0,"11":0,"12":0,"13":1,"14":0,"15":0},"b":{"0":[0],"1":[0],"2":[0],"3":[0],"4":[0,0,0,0,0],"5":[1,0]}}
}
