{"/home/rob/sources/personal_account/rpn-calculator/src/modules/calculatorFunctional.ts": {"path":"/home/rob/sources/personal_account/rpn-calculator/src/modules/calculatorFunctional.ts","statementMap":{"0":{"start":{"line":11,"column":32},"end":{"line":13,"column":2}},"1":{"start":{"line":11,"column":56},"end":{"line":13,"column":2}},"2":{"start":{"line":11,"column":13},"end":{"line":11,"column":32}},"3":{"start":{"line":16,"column":27},"end":{"line":22,"column":1}},"4":{"start":{"line":17,"column":2},"end":{"line":17,"column":74}},"5":{"start":{"line":18,"column":2},"end":{"line":21,"column":4}},"6":{"start":{"line":16,"column":13},"end":{"line":16,"column":27}},"7":{"start":{"line":25,"column":21},"end":{"line":27,"column":2}},"8":{"start":{"line":25,"column":45},"end":{"line":27,"column":2}},"9":{"start":{"line":25,"column":13},"end":{"line":25,"column":21}},"10":{"start":{"line":30,"column":26},"end":{"line":31,"column":25}},"11":{"start":{"line":31,"column":2},"end":{"line":31,"column":25}},"12":{"start":{"line":34,"column":23},"end":{"line":53,"column":1}},"13":{"start":{"line":38,"column":2},"end":{"line":41,"column":3}},"14":{"start":{"line":39,"column":4},"end":{"line":39,"column":55}},"15":{"start":{"line":40,"column":4},"end":{"line":40,"column":66}},"16":{"start":{"line":43,"column":20},"end":{"line":43,"column":36}},"17":{"start":{"line":44,"column":12},"end":{"line":44,"column":28}},"18":{"start":{"line":45,"column":12},"end":{"line":45,"column":28}},"19":{"start":{"line":46,"column":17},"end":{"line":46,"column":32}},"20":{"start":{"line":47,"column":2},"end":{"line":47,"column":140}},"21":{"start":{"line":49,"column":2},"end":{"line":52,"column":4}},"22":{"start":{"line":56,"column":19},"end":{"line":60,"column":1}},"23":{"start":{"line":57,"column":2},"end":{"line":57,"column":55}},"24":{"start":{"line":58,"column":17},"end":{"line":58,"column":55}},"25":{"start":{"line":58,"column":49},"end":{"line":58,"column":54}},"26":{"start":{"line":59,"column":2},"end":{"line":59,"column":16}},"27":{"start":{"line":56,"column":13},"end":{"line":56,"column":19}},"28":{"start":{"line":63,"column":24},"end":{"line":67,"column":1}},"29":{"start":{"line":64,"column":2},"end":{"line":64,"column":57}},"30":{"start":{"line":65,"column":17},"end":{"line":65,"column":55}},"31":{"start":{"line":65,"column":49},"end":{"line":65,"column":54}},"32":{"start":{"line":66,"column":2},"end":{"line":66,"column":16}},"33":{"start":{"line":63,"column":13},"end":{"line":63,"column":24}},"34":{"start":{"line":70,"column":24},"end":{"line":74,"column":1}},"35":{"start":{"line":71,"column":2},"end":{"line":71,"column":61}},"36":{"start":{"line":72,"column":17},"end":{"line":72,"column":55}},"37":{"start":{"line":72,"column":49},"end":{"line":72,"column":54}},"38":{"start":{"line":73,"column":2},"end":{"line":73,"column":16}},"39":{"start":{"line":70,"column":13},"end":{"line":70,"column":24}},"40":{"start":{"line":77,"column":22},"end":{"line":100,"column":1}},"41":{"start":{"line":78,"column":2},"end":{"line":78,"column":55}},"42":{"start":{"line":79,"column":2},"end":{"line":82,"column":3}},"43":{"start":{"line":80,"column":4},"end":{"line":80,"column":55}},"44":{"start":{"line":81,"column":4},"end":{"line":81,"column":66}},"45":{"start":{"line":84,"column":20},"end":{"line":84,"column":36}},"46":{"start":{"line":85,"column":12},"end":{"line":85,"column":28}},"47":{"start":{"line":86,"column":12},"end":{"line":86,"column":28}},"48":{"start":{"line":88,"column":2},"end":{"line":91,"column":3}},"49":{"start":{"line":89,"column":4},"end":{"line":89,"column":74}},"50":{"start":{"line":90,"column":4},"end":{"line":90,"column":42}},"51":{"start":{"line":93,"column":17},"end":{"line":96,"column":4}},"52":{"start":{"line":98,"column":2},"end":{"line":98,"column":128}},"53":{"start":{"line":99,"column":2},"end":{"line":99,"column":16}},"54":{"start":{"line":77,"column":13},"end":{"line":77,"column":22}},"55":{"start":{"line":103,"column":23},"end":{"line":124,"column":1}},"56":{"start":{"line":104,"column":23},"end":{"line":104,"column":35}},"57":{"start":{"line":107,"column":2},"end":{"line":109,"column":3}},"58":{"start":{"line":108,"column":4},"end":{"line":108,"column":52}},"59":{"start":{"line":112,"column":2},"end":{"line":123,"column":3}},"60":{"start":{"line":114,"column":6},"end":{"line":114,"column":24}},"61":{"start":{"line":116,"column":6},"end":{"line":116,"column":29}},"62":{"start":{"line":118,"column":6},"end":{"line":118,"column":29}},"63":{"start":{"line":120,"column":6},"end":{"line":120,"column":27}},"64":{"start":{"line":122,"column":6},"end":{"line":122,"column":67}},"65":{"start":{"line":103,"column":13},"end":{"line":103,"column":23}},"66":{"start":{"line":127,"column":25},"end":{"line":129,"column":1}},"67":{"start":{"line":128,"column":2},"end":{"line":128,"column":82}},"68":{"start":{"line":127,"column":13},"end":{"line":127,"column":25}},"69":{"start":{"line":132,"column":35},"end":{"line":140,"column":1}},"70":{"start":{"line":133,"column":17},"end":{"line":133,"column":40}},"71":{"start":{"line":135,"column":21},"end":{"line":137,"column":24}},"72":{"start":{"line":136,"column":4},"end":{"line":136,"column":33}},"73":{"start":{"line":139,"column":2},"end":{"line":139,"column":31}},"74":{"start":{"line":132,"column":13},"end":{"line":132,"column":35}}},"fnMap":{"0":{"name":"(anonymous_0)","decl":{"start":{"line":11,"column":32},"end":{"line":11,"column":52}},"loc":{"start":{"line":11,"column":56},"end":{"line":13,"column":2}}},"1":{"name":"(anonymous_1)","decl":{"start":{"line":16,"column":27},"end":{"line":16,"column":28}},"loc":{"start":{"line":16,"column":88},"end":{"line":22,"column":1}}},"2":{"name":"(anonymous_2)","decl":{"start":{"line":25,"column":21},"end":{"line":25,"column":41}},"loc":{"start":{"line":25,"column":45},"end":{"line":27,"column":2}}},"3":{"name":"(anonymous_3)","decl":{"start":{"line":30,"column":26},"end":{"line":30,"column":27}},"loc":{"start":{"line":31,"column":2},"end":{"line":31,"column":25}}},"4":{"name":"(anonymous_4)","decl":{"start":{"line":34,"column":23},"end":{"line":34,"column":null}},"loc":{"start":{"line":37,"column":21},"end":{"line":53,"column":1}}},"5":{"name":"(anonymous_5)","decl":{"start":{"line":56,"column":19},"end":{"line":56,"column":20}},"loc":{"start":{"line":56,"column":63},"end":{"line":60,"column":1}}},"6":{"name":"(anonymous_6)","decl":{"start":{"line":58,"column":39},"end":{"line":58,"column":40}},"loc":{"start":{"line":58,"column":49},"end":{"line":58,"column":54}}},"7":{"name":"(anonymous_7)","decl":{"start":{"line":63,"column":24},"end":{"line":63,"column":25}},"loc":{"start":{"line":63,"column":68},"end":{"line":67,"column":1}}},"8":{"name":"(anonymous_8)","decl":{"start":{"line":65,"column":39},"end":{"line":65,"column":40}},"loc":{"start":{"line":65,"column":49},"end":{"line":65,"column":54}}},"9":{"name":"(anonymous_9)","decl":{"start":{"line":70,"column":24},"end":{"line":70,"column":25}},"loc":{"start":{"line":70,"column":68},"end":{"line":74,"column":1}}},"10":{"name":"(anonymous_10)","decl":{"start":{"line":72,"column":39},"end":{"line":72,"column":40}},"loc":{"start":{"line":72,"column":49},"end":{"line":72,"column":54}}},"11":{"name":"(anonymous_11)","decl":{"start":{"line":77,"column":22},"end":{"line":77,"column":23}},"loc":{"start":{"line":77,"column":66},"end":{"line":100,"column":1}}},"12":{"name":"(anonymous_12)","decl":{"start":{"line":103,"column":23},"end":{"line":103,"column":24}},"loc":{"start":{"line":103,"column":82},"end":{"line":124,"column":1}}},"13":{"name":"(anonymous_13)","decl":{"start":{"line":127,"column":25},"end":{"line":127,"column":26}},"loc":{"start":{"line":127,"column":72},"end":{"line":129,"column":1}}},"14":{"name":"(anonymous_14)","decl":{"start":{"line":132,"column":35},"end":{"line":132,"column":36}},"loc":{"start":{"line":132,"column":78},"end":{"line":140,"column":1}}},"15":{"name":"(anonymous_15)","decl":{"start":{"line":135,"column":35},"end":{"line":135,"column":36}},"loc":{"start":{"line":135,"column":52},"end":{"line":137,"column":3}}}},"branchMap":{"0":{"loc":{"start":{"line":38,"column":2},"end":{"line":41,"column":3}},"type":"if","locations":[{"start":{"line":38,"column":2},"end":{"line":41,"column":3}}]},"1":{"loc":{"start":{"line":79,"column":2},"end":{"line":82,"column":3}},"type":"if","locations":[{"start":{"line":79,"column":2},"end":{"line":82,"column":3}}]},"2":{"loc":{"start":{"line":88,"column":2},"end":{"line":91,"column":3}},"type":"if","locations":[{"start":{"line":88,"column":2},"end":{"line":91,"column":3}}]},"3":{"loc":{"start":{"line":107,"column":2},"end":{"line":109,"column":3}},"type":"if","locations":[{"start":{"line":107,"column":2},"end":{"line":109,"column":3}}]},"4":{"loc":{"start":{"line":112,"column":2},"end":{"line":123,"column":3}},"type":"switch","locations":[{"start":{"line":113,"column":4},"end":{"line":114,"column":24}},{"start":{"line":115,"column":4},"end":{"line":116,"column":29}},{"start":{"line":117,"column":4},"end":{"line":118,"column":29}},{"start":{"line":119,"column":4},"end":{"line":120,"column":27}},{"start":{"line":121,"column":4},"end":{"line":122,"column":67}}]},"5":{"loc":{"start":{"line":128,"column":9},"end":{"line":128,"column":81}},"type":"cond-expr","locations":[{"start":{"line":128,"column":34},"end":{"line":128,"column":69}},{"start":{"line":128,"column":72},"end":{"line":128,"column":81}}]}},"s":{"0":1,"1":1,"2":1,"3":1,"4":2,"5":2,"6":1,"7":1,"8":0,"9":1,"10":1,"11":1,"12":1,"13":1,"14":0,"15":0,"16":1,"17":1,"18":1,"19":1,"20":1,"21":1,"22":1,"23":1,"24":1,"25":1,"26":1,"27":1,"28":1,"29":0,"30":0,"31":0,"32":0,"33":1,"34":1,"35":0,"36":0,"37":0,"38":0,"39":1,"40":1,"41":0,"42":0,"43":0,"44":0,"45":0,"46":0,"47":0,"48":0,"49":0,"50":0,"51":0,"52":0,"53":0,"54":1,"55":1,"56":0,"57":0,"58":0,"59":0,"60":0,"61":0,"62":0,"63":0,"64":0,"65":1,"66":1,"67":0,"68":1,"69":1,"70":0,"71":0,"72":0,"73":0,"74":1},"f":{"0":1,"1":2,"2":0,"3":1,"4":1,"5":1,"6":1,"7":0,"8":0,"9":0,"10":0,"11":0,"12":0,"13":0,"14":0,"15":0},"b":{"0":[0],"1":[0],"2":[0],"3":[0],"4":[0,0,0,0,0],"5":[0,0]}}
}
