TN:
SF:src/modules/calculatorFunctional.ts
FN:11,(anonymous_0)
FN:16,(anonymous_1)
FN:25,(anonymous_2)
FN:30,(anonymous_3)
FN:34,(anonymous_4)
FN:53,(anonymous_5)
FN:54,(anonymous_6)
FN:60,(anonymous_7)
FN:61,(anonymous_8)
FN:64,(anonymous_9)
FN:65,(anonymous_10)
FN:68,(anonymous_11)
FN:88,(anonymous_12)
FN:112,(anonymous_13)
FN:117,(anonymous_14)
FN:120,(anonymous_15)
FNF:16
FNH:7
FNDA:1,(anonymous_0)
FNDA:2,(anonymous_1)
FNDA:0,(anonymous_2)
FNDA:1,(anonymous_3)
FNDA:1,(anonymous_4)
FNDA:1,(anonymous_5)
FNDA:1,(anonymous_6)
FNDA:0,(anonymous_7)
FNDA:0,(anonymous_8)
FNDA:0,(anonymous_9)
FNDA:0,(anonymous_10)
FNDA:0,(anonymous_11)
FNDA:0,(anonymous_12)
FNDA:1,(anonymous_13)
FNDA:0,(anonymous_14)
FNDA:0,(anonymous_15)
DA:11,1
DA:16,1
DA:17,2
DA:18,2
DA:25,1
DA:30,1
DA:31,1
DA:34,1
DA:38,1
DA:39,0
DA:42,1
DA:43,1
DA:44,1
DA:46,1
DA:53,1
DA:54,1
DA:55,1
DA:56,1
DA:60,1
DA:61,0
DA:64,1
DA:65,0
DA:68,1
DA:69,0
DA:70,0
DA:73,0
DA:74,0
DA:75,0
DA:77,0
DA:78,0
DA:81,0
DA:88,1
DA:89,0
DA:92,0
DA:93,0
DA:97,0
DA:99,0
DA:101,0
DA:103,0
DA:105,0
DA:107,0
DA:112,1
DA:113,1
DA:117,1
DA:118,0
DA:120,0
DA:121,0
DA:124,0
LF:48
LH:24
BRDA:38,0,0,0
BRDA:69,1,0,0
BRDA:77,2,0,0
BRDA:92,3,0,0
BRDA:97,4,0,0
BRDA:97,4,1,0
BRDA:97,4,2,0
BRDA:97,4,3,0
BRDA:97,4,4,0
BRDA:113,5,0,1
BRDA:113,5,1,0
BRF:11
BRH:1
end_of_record
