TN:
SF:src/modules/calculator.ts
FN:4,(anonymous_0)
FN:11,(anonymous_1)
FN:18,(anonymous_2)
FN:27,(anonymous_3)
FN:45,(anonymous_4)
FN:89,(anonymous_5)
FN:96,(anonymous_6)
FNF:7
FNH:6
FNDA:12,(anonymous_0)
FNDA:22,(anonymous_1)
FNDA:1,(anonymous_2)
FNDA:10,(anonymous_3)
FNDA:3,(anonymous_4)
FNDA:22,(anonymous_5)
FNDA:0,(anonymous_6)
DA:4,1
DA:5,12
DA:12,22
DA:19,1
DA:28,10
DA:29,2
DA:32,8
DA:33,8
DA:35,8
DA:37,8
DA:46,3
DA:49,3
DA:50,0
DA:51,0
DA:55,3
DA:56,0
DA:59,3
DA:60,3
DA:62,3
DA:64,0
DA:65,0
DA:67,1
DA:68,1
DA:70,1
DA:71,1
DA:73,1
DA:74,0
DA:76,1
DA:77,1
DA:79,0
DA:82,3
DA:90,22
DA:97,0
LF:33
LH:25
BRDA:28,0,0,2
BRDA:49,1,0,0
BRDA:55,2,0,0
BRDA:62,3,0,0
BRDA:62,3,1,1
BRDA:62,3,2,1
BRDA:62,3,3,1
BRDA:62,3,4,0
BRDA:73,4,0,0
BRDA:90,5,0,20
BRDA:90,5,1,2
BRF:11
BRH:6
end_of_record
TN:
SF:src/modules/calculatorFunctional.ts
FN:11,(anonymous_0)
FN:16,(anonymous_1)
FN:22,(anonymous_2)
FN:27,(anonymous_3)
FN:31,(anonymous_4)
FN:50,(anonymous_5)
FN:51,(anonymous_6)
FN:54,(anonymous_7)
FN:55,(anonymous_8)
FN:58,(anonymous_9)
FN:59,(anonymous_10)
FN:62,(anonymous_11)
FN:82,(anonymous_12)
FN:106,(anonymous_13)
FN:111,(anonymous_14)
FN:114,(anonymous_15)
FNF:16
FNH:16
FNDA:16,(anonymous_0)
FNDA:30,(anonymous_1)
FNDA:1,(anonymous_2)
FNDA:16,(anonymous_3)
FNDA:13,(anonymous_4)
FNDA:8,(anonymous_5)
FNDA:6,(anonymous_6)
FNDA:2,(anonymous_7)
FNDA:2,(anonymous_8)
FNDA:3,(anonymous_9)
FNDA:3,(anonymous_10)
FNDA:3,(anonymous_11)
FNDA:18,(anonymous_12)
FNDA:12,(anonymous_13)
FNDA:2,(anonymous_14)
FNDA:14,(anonymous_15)
DA:11,16
DA:16,30
DA:22,1
DA:27,1
DA:28,16
DA:31,1
DA:35,13
DA:36,2
DA:39,11
DA:40,11
DA:41,11
DA:43,11
DA:50,1
DA:51,8
DA:54,1
DA:55,2
DA:58,1
DA:59,3
DA:62,1
DA:63,3
DA:64,0
DA:67,3
DA:68,3
DA:69,3
DA:71,3
DA:72,1
DA:75,2
DA:82,1
DA:83,18
DA:86,18
DA:87,10
DA:91,8
DA:93,3
DA:95,1
DA:97,2
DA:99,1
DA:101,1
DA:106,1
DA:107,12
DA:111,1
DA:112,2
DA:114,2
DA:115,14
DA:118,2
LF:44
LH:43
BRDA:35,0,0,2
BRDA:63,1,0,0
BRDA:71,2,0,1
BRDA:86,3,0,10
BRDA:91,4,0,3
BRDA:91,4,1,1
BRDA:91,4,2,2
BRDA:91,4,3,1
BRDA:91,4,4,1
BRDA:107,5,0,10
BRDA:107,5,1,2
BRF:11
BRH:10
end_of_record
